2009-03-17 00:46:56,381 - SimpleLog4JLogSystem initialized using logfile 'velocity.log'
2009-03-17 00:46:56,382 - *******************************************************************
2009-03-17 00:46:56,382 - Starting Apache Velocity v1.6 (compiled: 2008-11-24 15:58:18)
2009-03-17 00:46:56,382 - RuntimeInstance initializing.
2009-03-17 00:46:56,382 - Default Properties File: org/apache/velocity/runtime/defaults/velocity.properties
2009-03-17 00:46:56,382 - Trying to use logger class org.apache.velocity.runtime.log.SimpleLog4JLogSystem
2009-03-17 00:46:56,382 - LogSystem has been deprecated. Please use a LogChute implementation.
2009-03-17 00:46:56,395 - Default ResourceManager initializing. (class org.apache.velocity.runtime.resource.ResourceManagerImpl)
2009-03-17 00:46:56,399 - ResourceLoader instantiated: org.apache.velocity.runtime.resource.loader.ClasspathResourceLoader
2009-03-17 00:46:56,401 - ClasspathResourceLoader : initialization complete.
2009-03-17 00:46:56,424 - ResourceCache: initialized (class org.apache.velocity.runtime.resource.ResourceCacheImpl) with class java.util.Collections$SynchronizedMap cache map.
2009-03-17 00:46:56,424 - Default ResourceManager initialization complete.
2009-03-17 00:46:56,426 - Loaded System Directive: org.apache.velocity.runtime.directive.Define
2009-03-17 00:46:56,429 - Loaded System Directive: org.apache.velocity.runtime.directive.Break
2009-03-17 00:46:56,431 - Loaded System Directive: org.apache.velocity.runtime.directive.Evaluate
2009-03-17 00:46:56,432 - Loaded System Directive: org.apache.velocity.runtime.directive.Literal
2009-03-17 00:46:56,435 - Loaded System Directive: org.apache.velocity.runtime.directive.Macro
2009-03-17 00:46:56,439 - Loaded System Directive: org.apache.velocity.runtime.directive.Parse
2009-03-17 00:46:56,441 - Loaded System Directive: org.apache.velocity.runtime.directive.Include
2009-03-17 00:46:56,443 - Loaded System Directive: org.apache.velocity.runtime.directive.Foreach
2009-03-17 00:46:56,496 - Created '20' parsers.
2009-03-17 00:46:56,509 - Velocimacro : initialization starting.
2009-03-17 00:46:56,509 - Velocimacro : "velocimacro.library" is not set.  Trying default library: VM_global_library.vm
2009-03-17 00:46:56,510 - Could not load resource 'VM_global_library.vm' from ResourceLoader org.apache.velocity.runtime.resource.loader.ClasspathResourceLoader: 
2009-03-17 00:46:56,511 - org.apache.velocity.exception.ResourceNotFoundException: ClasspathResourceLoader Error: cannot find resource VM_global_library.vm
	at org.apache.velocity.runtime.resource.loader.ClasspathResourceLoader.getResourceStream(ClasspathResourceLoader.java:131)
	at org.apache.velocity.runtime.resource.loader.ResourceLoader.resourceExists(ResourceLoader.java:224)
	at org.apache.velocity.runtime.resource.ResourceManagerImpl.getLoaderNameForResource(ResourceManagerImpl.java:617)
	at org.apache.velocity.runtime.RuntimeInstance.getLoaderNameForResource(RuntimeInstance.java:1464)
	at org.apache.velocity.runtime.VelocimacroFactory.initVelocimacro(VelocimacroFactory.java:159)
	at org.apache.velocity.runtime.RuntimeInstance.init(RuntimeInstance.java:261)
	at org.apache.velocity.runtime.RuntimeInstance.init(RuntimeInstance.java:589)
	at org.apache.velocity.runtime.RuntimeSingleton.init(RuntimeSingleton.java:229)
	at org.apache.velocity.app.Velocity.init(Velocity.java:107)
	at sun.reflect.NativeMethodAccessorImpl.invoke0(Native Method)
	at sun.reflect.NativeMethodAccessorImpl.invoke(NativeMethodAccessorImpl.java:39)
	at sun.reflect.DelegatingMethodAccessorImpl.invoke(DelegatingMethodAccessorImpl.java:25)
	at java.lang.reflect.Method.invoke(Method.java:597)
	at org.springframework.util.MethodInvoker.invoke(MethodInvoker.java:276)
	at org.springframework.beans.factory.config.MethodInvokingFactoryBean.doInvoke(MethodInvokingFactoryBean.java:160)
	at org.springframework.beans.factory.config.MethodInvokingFactoryBean.afterPropertiesSet(MethodInvokingFactoryBean.java:150)
	at org.springframework.beans.factory.support.AbstractAutowireCapableBeanFactory.invokeInitMethods(AbstractAutowireCapableBeanFactory.java:1367)
	at org.springframework.beans.factory.support.AbstractAutowireCapableBeanFactory.initializeBean(AbstractAutowireCapableBeanFactory.java:1333)
	at org.springframework.beans.factory.support.AbstractAutowireCapableBeanFactory.doCreateBean(AbstractAutowireCapableBeanFactory.java:471)
	at org.springframework.beans.factory.support.AbstractAutowireCapableBeanFactory$1.run(AbstractAutowireCapableBeanFactory.java:409)
	at java.security.AccessController.doPrivileged(Native Method)
	at org.springframework.beans.factory.support.AbstractAutowireCapableBeanFactory.createBean(AbstractAutowireCapableBeanFactory.java:380)
	at org.springframework.beans.factory.support.AbstractBeanFactory$1.getObject(AbstractBeanFactory.java:264)
	at org.springframework.beans.factory.support.DefaultSingletonBeanRegistry.getSingleton(DefaultSingletonBeanRegistry.java:220)
	at org.springframework.beans.factory.support.AbstractBeanFactory.doGetBean(AbstractBeanFactory.java:261)
	at org.springframework.beans.factory.support.AbstractBeanFactory.getBean(AbstractBeanFactory.java:185)
	at org.springframework.beans.factory.support.AbstractBeanFactory.getBean(AbstractBeanFactory.java:164)
	at org.springframework.beans.factory.support.DefaultListableBeanFactory.preInstantiateSingletons(DefaultListableBeanFactory.java:423)
	at org.springframework.context.support.AbstractApplicationContext.finishBeanFactoryInitialization(AbstractApplicationContext.java:729)
	at org.springframework.context.support.AbstractApplicationContext.refresh(AbstractApplicationContext.java:381)
	at org.springframework.web.context.ContextLoader.createWebApplicationContext(ContextLoader.java:255)
	at org.springframework.web.context.ContextLoader.initWebApplicationContext(ContextLoader.java:199)
	at org.springframework.web.context.ContextLoaderServlet.init(ContextLoaderServlet.java:81)
	at javax.servlet.GenericServlet.init(GenericServlet.java:212)
	at org.apache.catalina.core.StandardWrapper.loadServlet(StandardWrapper.java:1172)
	at org.apache.catalina.core.StandardWrapper.load(StandardWrapper.java:992)
	at org.apache.catalina.core.StandardContext.loadOnStartup(StandardContext.java:4058)
	at org.apache.catalina.core.StandardContext.start(StandardContext.java:4371)
	at org.apache.catalina.core.ContainerBase.addChildInternal(ContainerBase.java:791)
	at org.apache.catalina.core.ContainerBase.addChild(ContainerBase.java:771)
	at org.apache.catalina.core.StandardHost.addChild(StandardHost.java:525)
	at org.apache.catalina.startup.HostConfig.deployWAR(HostConfig.java:830)
	at org.apache.catalina.startup.HostConfig.deployWARs(HostConfig.java:719)
	at org.apache.catalina.startup.HostConfig.deployApps(HostConfig.java:490)
	at org.apache.catalina.startup.HostConfig.start(HostConfig.java:1149)
	at org.apache.catalina.startup.HostConfig.lifecycleEvent(HostConfig.java:311)
	at org.apache.catalina.util.LifecycleSupport.fireLifecycleEvent(LifecycleSupport.java:117)
	at org.apache.catalina.core.ContainerBase.start(ContainerBase.java:1053)
	at org.apache.catalina.core.StandardHost.start(StandardHost.java:719)
	at org.apache.catalina.core.ContainerBase.start(ContainerBase.java:1045)
	at org.apache.catalina.core.StandardEngine.start(StandardEngine.java:443)
	at org.apache.catalina.core.StandardService.start(StandardService.java:516)
	at org.apache.catalina.core.StandardServer.start(StandardServer.java:710)
	at org.apache.catalina.startup.Catalina.start(Catalina.java:578)
	at sun.reflect.NativeMethodAccessorImpl.invoke0(Native Method)
	at sun.reflect.NativeMethodAccessorImpl.invoke(NativeMethodAccessorImpl.java:39)
	at sun.reflect.DelegatingMethodAccessorImpl.invoke(DelegatingMethodAccessorImpl.java:25)
	at java.lang.reflect.Method.invoke(Method.java:597)
	at org.apache.catalina.startup.Bootstrap.start(Bootstrap.java:288)
	at org.apache.catalina.startup.Bootstrap.main(Bootstrap.java:413)

2009-03-17 00:46:56,511 - Velocimacro : Default library not found.
2009-03-17 00:46:56,511 - Velocimacro : allowInline = true : VMs can be defined inline in templates
2009-03-17 00:46:56,512 - Velocimacro : allowInlineToOverride = false : VMs defined inline may NOT replace previous VM definitions
2009-03-17 00:46:56,512 - Velocimacro : allowInlineLocal = false : VMs defined inline will be global in scope if allowed.
2009-03-17 00:46:56,512 - Velocimacro : autoload off : VM system will not automatically reload global library macros
2009-03-17 00:46:56,512 - Velocimacro : Velocimacro : initialization complete.
2009-03-17 00:46:56,512 - RuntimeInstance successfully initialized.
2009-03-17 00:47:34,859 - SimpleLog4JLogSystem initialized using logfile 'velocity.log'
2009-03-17 00:47:34,860 - *******************************************************************
2009-03-17 00:47:34,860 - Starting Apache Velocity v1.6 (compiled: 2008-11-24 15:58:18)
2009-03-17 00:47:34,860 - RuntimeInstance initializing.
2009-03-17 00:47:34,860 - Default Properties File: org/apache/velocity/runtime/defaults/velocity.properties
2009-03-17 00:47:34,860 - Trying to use logger class org.apache.velocity.runtime.log.SimpleLog4JLogSystem
2009-03-17 00:47:34,860 - LogSystem has been deprecated. Please use a LogChute implementation.
2009-03-17 00:47:34,863 - Default ResourceManager initializing. (class org.apache.velocity.runtime.resource.ResourceManagerImpl)
2009-03-17 00:47:34,867 - ResourceLoader instantiated: org.apache.velocity.runtime.resource.loader.ClasspathResourceLoader
2009-03-17 00:47:34,869 - ClasspathResourceLoader : initialization complete.
2009-03-17 00:47:34,889 - ResourceCache: initialized (class org.apache.velocity.runtime.resource.ResourceCacheImpl) with class java.util.Collections$SynchronizedMap cache map.
2009-03-17 00:47:34,889 - Default ResourceManager initialization complete.
2009-03-17 00:47:34,891 - Loaded System Directive: org.apache.velocity.runtime.directive.Define
2009-03-17 00:47:34,894 - Loaded System Directive: org.apache.velocity.runtime.directive.Break
2009-03-17 00:47:34,895 - Loaded System Directive: org.apache.velocity.runtime.directive.Evaluate
2009-03-17 00:47:34,897 - Loaded System Directive: org.apache.velocity.runtime.directive.Literal
2009-03-17 00:47:34,900 - Loaded System Directive: org.apache.velocity.runtime.directive.Macro
2009-03-17 00:47:34,902 - Loaded System Directive: org.apache.velocity.runtime.directive.Parse
2009-03-17 00:47:34,905 - Loaded System Directive: org.apache.velocity.runtime.directive.Include
2009-03-17 00:47:34,907 - Loaded System Directive: org.apache.velocity.runtime.directive.Foreach
2009-03-17 00:47:34,952 - Created '20' parsers.
2009-03-17 00:47:34,963 - Velocimacro : initialization starting.
2009-03-17 00:47:34,964 - Velocimacro : "velocimacro.library" is not set.  Trying default library: VM_global_library.vm
2009-03-17 00:47:34,965 - Could not load resource 'VM_global_library.vm' from ResourceLoader org.apache.velocity.runtime.resource.loader.ClasspathResourceLoader: 
2009-03-17 00:47:34,966 - org.apache.velocity.exception.ResourceNotFoundException: ClasspathResourceLoader Error: cannot find resource VM_global_library.vm
	at org.apache.velocity.runtime.resource.loader.ClasspathResourceLoader.getResourceStream(ClasspathResourceLoader.java:131)
	at org.apache.velocity.runtime.resource.loader.ResourceLoader.resourceExists(ResourceLoader.java:224)
	at org.apache.velocity.runtime.resource.ResourceManagerImpl.getLoaderNameForResource(ResourceManagerImpl.java:617)
	at org.apache.velocity.runtime.RuntimeInstance.getLoaderNameForResource(RuntimeInstance.java:1464)
	at org.apache.velocity.runtime.VelocimacroFactory.initVelocimacro(VelocimacroFactory.java:159)
	at org.apache.velocity.runtime.RuntimeInstance.init(RuntimeInstance.java:261)
	at org.apache.velocity.runtime.RuntimeInstance.init(RuntimeInstance.java:589)
	at org.apache.velocity.runtime.RuntimeSingleton.init(RuntimeSingleton.java:229)
	at org.apache.velocity.app.Velocity.init(Velocity.java:107)
	at sun.reflect.NativeMethodAccessorImpl.invoke0(Native Method)
	at sun.reflect.NativeMethodAccessorImpl.invoke(NativeMethodAccessorImpl.java:39)
	at sun.reflect.DelegatingMethodAccessorImpl.invoke(DelegatingMethodAccessorImpl.java:25)
	at java.lang.reflect.Method.invoke(Method.java:597)
	at org.springframework.util.MethodInvoker.invoke(MethodInvoker.java:276)
	at org.springframework.beans.factory.config.MethodInvokingFactoryBean.doInvoke(MethodInvokingFactoryBean.java:160)
	at org.springframework.beans.factory.config.MethodInvokingFactoryBean.afterPropertiesSet(MethodInvokingFactoryBean.java:150)
	at org.springframework.beans.factory.support.AbstractAutowireCapableBeanFactory.invokeInitMethods(AbstractAutowireCapableBeanFactory.java:1367)
	at org.springframework.beans.factory.support.AbstractAutowireCapableBeanFactory.initializeBean(AbstractAutowireCapableBeanFactory.java:1333)
	at org.springframework.beans.factory.support.AbstractAutowireCapableBeanFactory.doCreateBean(AbstractAutowireCapableBeanFactory.java:471)
	at org.springframework.beans.factory.support.AbstractAutowireCapableBeanFactory$1.run(AbstractAutowireCapableBeanFactory.java:409)
	at java.security.AccessController.doPrivileged(Native Method)
	at org.springframework.beans.factory.support.AbstractAutowireCapableBeanFactory.createBean(AbstractAutowireCapableBeanFactory.java:380)
	at org.springframework.beans.factory.support.AbstractBeanFactory$1.getObject(AbstractBeanFactory.java:264)
	at org.springframework.beans.factory.support.DefaultSingletonBeanRegistry.getSingleton(DefaultSingletonBeanRegistry.java:220)
	at org.springframework.beans.factory.support.AbstractBeanFactory.doGetBean(AbstractBeanFactory.java:261)
	at org.springframework.beans.factory.support.AbstractBeanFactory.getBean(AbstractBeanFactory.java:185)
	at org.springframework.beans.factory.support.AbstractBeanFactory.getBean(AbstractBeanFactory.java:164)
	at org.springframework.beans.factory.support.DefaultListableBeanFactory.preInstantiateSingletons(DefaultListableBeanFactory.java:423)
	at org.springframework.context.support.AbstractApplicationContext.finishBeanFactoryInitialization(AbstractApplicationContext.java:729)
	at org.springframework.context.support.AbstractApplicationContext.refresh(AbstractApplicationContext.java:381)
	at org.springframework.web.context.ContextLoader.createWebApplicationContext(ContextLoader.java:255)
	at org.springframework.web.context.ContextLoader.initWebApplicationContext(ContextLoader.java:199)
	at org.springframework.web.context.ContextLoaderServlet.init(ContextLoaderServlet.java:81)
	at javax.servlet.GenericServlet.init(GenericServlet.java:212)
	at org.apache.catalina.core.StandardWrapper.loadServlet(StandardWrapper.java:1172)
	at org.apache.catalina.core.StandardWrapper.load(StandardWrapper.java:992)
	at org.apache.catalina.core.StandardContext.loadOnStartup(StandardContext.java:4058)
	at org.apache.catalina.core.StandardContext.start(StandardContext.java:4371)
	at org.apache.catalina.core.ContainerBase.addChildInternal(ContainerBase.java:791)
	at org.apache.catalina.core.ContainerBase.addChild(ContainerBase.java:771)
	at org.apache.catalina.core.StandardHost.addChild(StandardHost.java:525)
	at org.apache.catalina.startup.HostConfig.deployWAR(HostConfig.java:830)
	at org.apache.catalina.startup.HostConfig.deployWARs(HostConfig.java:719)
	at org.apache.catalina.startup.HostConfig.deployApps(HostConfig.java:490)
	at org.apache.catalina.startup.HostConfig.start(HostConfig.java:1149)
	at org.apache.catalina.startup.HostConfig.lifecycleEvent(HostConfig.java:311)
	at org.apache.catalina.util.LifecycleSupport.fireLifecycleEvent(LifecycleSupport.java:117)
	at org.apache.catalina.core.ContainerBase.start(ContainerBase.java:1053)
	at org.apache.catalina.core.StandardHost.start(StandardHost.java:719)
	at org.apache.catalina.core.ContainerBase.start(ContainerBase.java:1045)
	at org.apache.catalina.core.StandardEngine.start(StandardEngine.java:443)
	at org.apache.catalina.core.StandardService.start(StandardService.java:516)
	at org.apache.catalina.core.StandardServer.start(StandardServer.java:710)
	at org.apache.catalina.startup.Catalina.start(Catalina.java:578)
	at sun.reflect.NativeMethodAccessorImpl.invoke0(Native Method)
	at sun.reflect.NativeMethodAccessorImpl.invoke(NativeMethodAccessorImpl.java:39)
	at sun.reflect.DelegatingMethodAccessorImpl.invoke(DelegatingMethodAccessorImpl.java:25)
	at java.lang.reflect.Method.invoke(Method.java:597)
	at org.apache.catalina.startup.Bootstrap.start(Bootstrap.java:288)
	at org.apache.catalina.startup.Bootstrap.main(Bootstrap.java:413)

2009-03-17 00:47:34,966 - Velocimacro : Default library not found.
2009-03-17 00:47:34,966 - Velocimacro : allowInline = true : VMs can be defined inline in templates
2009-03-17 00:47:34,966 - Velocimacro : allowInlineToOverride = false : VMs defined inline may NOT replace previous VM definitions
2009-03-17 00:47:34,966 - Velocimacro : allowInlineLocal = false : VMs defined inline will be global in scope if allowed.
2009-03-17 00:47:34,966 - Velocimacro : autoload off : VM system will not automatically reload global library macros
2009-03-17 00:47:34,966 - Velocimacro : Velocimacro : initialization complete.
2009-03-17 00:47:34,966 - RuntimeInstance successfully initialized.
2009-03-26 15:42:31,180 - SimpleLog4JLogSystem initialized using logfile 'velocity.log'
2009-03-26 15:42:31,186 - *******************************************************************
2009-03-26 15:42:31,186 - Starting Apache Velocity v1.6 (compiled: 2008-11-24 15:58:18)
2009-03-26 15:42:31,186 - RuntimeInstance initializing.
2009-03-26 15:42:31,186 - Default Properties File: org/apache/velocity/runtime/defaults/velocity.properties
2009-03-26 15:42:31,186 - Trying to use logger class org.apache.velocity.runtime.log.SimpleLog4JLogSystem
2009-03-26 15:42:31,186 - LogSystem has been deprecated. Please use a LogChute implementation.
2009-03-26 15:42:31,189 - Default ResourceManager initializing. (class org.apache.velocity.runtime.resource.ResourceManagerImpl)
2009-03-26 15:42:31,194 - ResourceLoader instantiated: org.apache.velocity.runtime.resource.loader.ClasspathResourceLoader
2009-03-26 15:42:31,196 - ClasspathResourceLoader : initialization complete.
2009-03-26 15:42:31,479 - ResourceCache: initialized (class org.apache.velocity.runtime.resource.ResourceCacheImpl) with class java.util.Collections$SynchronizedMap cache map.
2009-03-26 15:42:31,479 - Default ResourceManager initialization complete.
2009-03-26 15:42:31,481 - Loaded System Directive: org.apache.velocity.runtime.directive.Define
2009-03-26 15:42:31,484 - Loaded System Directive: org.apache.velocity.runtime.directive.Break
2009-03-26 15:42:31,485 - Loaded System Directive: org.apache.velocity.runtime.directive.Evaluate
2009-03-26 15:42:31,492 - Loaded System Directive: org.apache.velocity.runtime.directive.Literal
2009-03-26 15:42:31,495 - Loaded System Directive: org.apache.velocity.runtime.directive.Macro
2009-03-26 15:42:31,498 - Loaded System Directive: org.apache.velocity.runtime.directive.Parse
2009-03-26 15:42:31,500 - Loaded System Directive: org.apache.velocity.runtime.directive.Include
2009-03-26 15:42:31,502 - Loaded System Directive: org.apache.velocity.runtime.directive.Foreach
2009-03-26 15:42:31,593 - Created '20' parsers.
2009-03-26 15:42:31,605 - Velocimacro : initialization starting.
2009-03-26 15:42:31,605 - Velocimacro : "velocimacro.library" is not set.  Trying default library: VM_global_library.vm
2009-03-26 15:42:31,606 - Could not load resource 'VM_global_library.vm' from ResourceLoader org.apache.velocity.runtime.resource.loader.ClasspathResourceLoader: 
2009-03-26 15:42:31,607 - org.apache.velocity.exception.ResourceNotFoundException: ClasspathResourceLoader Error: cannot find resource VM_global_library.vm
	at org.apache.velocity.runtime.resource.loader.ClasspathResourceLoader.getResourceStream(ClasspathResourceLoader.java:131)
	at org.apache.velocity.runtime.resource.loader.ResourceLoader.resourceExists(ResourceLoader.java:224)
	at org.apache.velocity.runtime.resource.ResourceManagerImpl.getLoaderNameForResource(ResourceManagerImpl.java:617)
	at org.apache.velocity.runtime.RuntimeInstance.getLoaderNameForResource(RuntimeInstance.java:1464)
	at org.apache.velocity.runtime.VelocimacroFactory.initVelocimacro(VelocimacroFactory.java:159)
	at org.apache.velocity.runtime.RuntimeInstance.init(RuntimeInstance.java:261)
	at org.apache.velocity.runtime.RuntimeInstance.init(RuntimeInstance.java:589)
	at org.apache.velocity.runtime.RuntimeSingleton.init(RuntimeSingleton.java:229)
	at org.apache.velocity.app.Velocity.init(Velocity.java:107)
	at sun.reflect.NativeMethodAccessorImpl.invoke0(Native Method)
	at sun.reflect.NativeMethodAccessorImpl.invoke(NativeMethodAccessorImpl.java:39)
	at sun.reflect.DelegatingMethodAccessorImpl.invoke(DelegatingMethodAccessorImpl.java:25)
	at java.lang.reflect.Method.invoke(Method.java:597)
	at org.springframework.util.MethodInvoker.invoke(MethodInvoker.java:276)
	at org.springframework.beans.factory.config.MethodInvokingFactoryBean.doInvoke(MethodInvokingFactoryBean.java:160)
	at org.springframework.beans.factory.config.MethodInvokingFactoryBean.afterPropertiesSet(MethodInvokingFactoryBean.java:150)
	at org.springframework.beans.factory.support.AbstractAutowireCapableBeanFactory.invokeInitMethods(AbstractAutowireCapableBeanFactory.java:1367)
	at org.springframework.beans.factory.support.AbstractAutowireCapableBeanFactory.initializeBean(AbstractAutowireCapableBeanFactory.java:1333)
	at org.springframework.beans.factory.support.AbstractAutowireCapableBeanFactory.doCreateBean(AbstractAutowireCapableBeanFactory.java:471)
	at org.springframework.beans.factory.support.AbstractAutowireCapableBeanFactory$1.run(AbstractAutowireCapableBeanFactory.java:409)
	at java.security.AccessController.doPrivileged(Native Method)
	at org.springframework.beans.factory.support.AbstractAutowireCapableBeanFactory.createBean(AbstractAutowireCapableBeanFactory.java:380)
	at org.springframework.beans.factory.support.AbstractBeanFactory$1.getObject(AbstractBeanFactory.java:264)
	at org.springframework.beans.factory.support.DefaultSingletonBeanRegistry.getSingleton(DefaultSingletonBeanRegistry.java:220)
	at org.springframework.beans.factory.support.AbstractBeanFactory.doGetBean(AbstractBeanFactory.java:261)
	at org.springframework.beans.factory.support.AbstractBeanFactory.getBean(AbstractBeanFactory.java:185)
	at org.springframework.beans.factory.support.AbstractBeanFactory.getBean(AbstractBeanFactory.java:164)
	at org.springframework.beans.factory.support.DefaultListableBeanFactory.preInstantiateSingletons(DefaultListableBeanFactory.java:423)
	at org.springframework.context.support.AbstractApplicationContext.finishBeanFactoryInitialization(AbstractApplicationContext.java:729)
	at org.springframework.context.support.AbstractApplicationContext.refresh(AbstractApplicationContext.java:381)
	at org.springframework.web.context.ContextLoader.createWebApplicationContext(ContextLoader.java:255)
	at org.springframework.web.context.ContextLoader.initWebApplicationContext(ContextLoader.java:199)
	at org.springframework.web.context.ContextLoaderServlet.init(ContextLoaderServlet.java:81)
	at javax.servlet.GenericServlet.init(GenericServlet.java:212)
	at org.apache.catalina.core.StandardWrapper.loadServlet(StandardWrapper.java:1172)
	at org.apache.catalina.core.StandardWrapper.load(StandardWrapper.java:992)
	at org.apache.catalina.core.StandardContext.loadOnStartup(StandardContext.java:4058)
	at org.apache.catalina.core.StandardContext.start(StandardContext.java:4371)
	at org.apache.catalina.manager.ManagerServlet.start(ManagerServlet.java:1247)
	at org.apache.catalina.manager.HTMLManagerServlet.start(HTMLManagerServlet.java:604)
	at org.apache.catalina.manager.HTMLManagerServlet.doGet(HTMLManagerServlet.java:129)
	at javax.servlet.http.HttpServlet.service(HttpServlet.java:617)
	at javax.servlet.http.HttpServlet.service(HttpServlet.java:717)
	at org.apache.catalina.core.ApplicationFilterChain.internalDoFilter(ApplicationFilterChain.java:290)
	at org.apache.catalina.core.ApplicationFilterChain.doFilter(ApplicationFilterChain.java:206)
	at org.apache.catalina.core.StandardWrapperValve.invoke(StandardWrapperValve.java:219)
	at org.apache.catalina.core.StandardContextValve.invoke(StandardContextValve.java:191)
	at org.apache.catalina.authenticator.AuthenticatorBase.invoke(AuthenticatorBase.java:525)
	at org.apache.catalina.core.StandardHostValve.invoke(StandardHostValve.java:128)
	at org.apache.catalina.valves.ErrorReportValve.invoke(ErrorReportValve.java:102)
	at org.apache.catalina.core.StandardEngineValve.invoke(StandardEngineValve.java:109)
	at org.apache.catalina.connector.CoyoteAdapter.service(CoyoteAdapter.java:286)
	at org.apache.coyote.http11.Http11Processor.process(Http11Processor.java:845)
	at org.apache.coyote.http11.Http11Protocol$Http11ConnectionHandler.process(Http11Protocol.java:583)
	at org.apache.tomcat.util.net.JIoEndpoint$Worker.run(JIoEndpoint.java:447)
	at java.lang.Thread.run(Thread.java:619)

2009-03-26 15:42:31,608 - Velocimacro : Default library not found.
2009-03-26 15:42:31,608 - Velocimacro : allowInline = true : VMs can be defined inline in templates
2009-03-26 15:42:31,608 - Velocimacro : allowInlineToOverride = false : VMs defined inline may NOT replace previous VM definitions
2009-03-26 15:42:31,608 - Velocimacro : allowInlineLocal = false : VMs defined inline will be global in scope if allowed.
2009-03-26 15:42:31,608 - Velocimacro : autoload off : VM system will not automatically reload global library macros
2009-03-26 15:42:31,608 - Velocimacro : Velocimacro : initialization complete.
2009-03-26 15:42:31,608 - RuntimeInstance successfully initialized.
